  BMP_Image.cpp
d:\yandexdisk\документы\stuff\c++ windeskapp\windesktopapp\bmp_image.cpp(37): warning C4267: '=': conversion from 'size_t' to 'uint32_t', possible loss of data
d:\yandexdisk\документы\stuff\c++ windeskapp\windesktopapp\bmp_image.cpp(49): warning C4267: '=': conversion from 'size_t' to 'uint32_t', possible loss of data
d:\yandexdisk\документы\stuff\c++ windeskapp\windesktopapp\bmp_image.cpp(67): warning C4244: '=': conversion from 'short' to '_Ty', possible loss of data
          with
          [
              _Ty=uint8_t
          ]
d:\yandexdisk\документы\stuff\c++ windeskapp\windesktopapp\bmp_image.cpp(68): warning C4244: '=': conversion from 'short' to '_Ty', possible loss of data
          with
          [
              _Ty=uint8_t
          ]
d:\yandexdisk\документы\stuff\c++ windeskapp\windesktopapp\bmp_image.cpp(69): warning C4244: '=': conversion from 'short' to '_Ty', possible loss of data
          with
          [
              _Ty=uint8_t
          ]
d:\yandexdisk\документы\stuff\c++ windeskapp\windesktopapp\bmp_image.cpp(71): warning C4244: '=': conversion from 'short' to '_Ty', possible loss of data
          with
          [
              _Ty=uint8_t
          ]
d:\yandexdisk\документы\stuff\c++ windeskapp\windesktopapp\bmp_image.cpp(120): warning C4267: '=': conversion from 'size_t' to 'uint32_t', possible loss of data
d:\yandexdisk\документы\stuff\c++ windeskapp\windesktopapp\bmp_image.cpp(133): warning C4267: '=': conversion from 'size_t' to 'uint32_t', possible loss of data
  Camera.cpp
  ColorShader.cpp
  CTerrain.cpp
