d:\yandexdisk\документы\stuff\c++ windeskapp\windesktopapp\x64\debug\vc141.pdb
d:\yandexdisk\документы\stuff\c++ windeskapp\windesktopapp\x64\debug\vc141.idb
d:\yandexdisk\документы\stuff\c++ windeskapp\windesktopapp\x64\debug\shadermanager.obj
d:\yandexdisk\документы\stuff\c++ windeskapp\windesktopapp\x64\debug\shaderbase.obj
d:\yandexdisk\документы\stuff\c++ windeskapp\windesktopapp\x64\debug\settings.obj
d:\yandexdisk\документы\stuff\c++ windeskapp\windesktopapp\x64\debug\position.obj
d:\yandexdisk\документы\stuff\c++ windeskapp\windesktopapp\x64\debug\model.obj
d:\yandexdisk\документы\stuff\c++ windeskapp\windesktopapp\x64\debug\main.obj
d:\yandexdisk\документы\stuff\c++ windeskapp\windesktopapp\x64\debug\input.obj
d:\yandexdisk\документы\stuff\c++ windeskapp\windesktopapp\x64\debug\graphics.obj
d:\yandexdisk\документы\stuff\c++ windeskapp\windesktopapp\x64\debug\globals.obj
d:\yandexdisk\документы\stuff\c++ windeskapp\windesktopapp\x64\debug\font.obj
d:\yandexdisk\документы\stuff\c++ windeskapp\windesktopapp\x64\debug\debug.obj
d:\yandexdisk\документы\stuff\c++ windeskapp\windesktopapp\x64\debug\d3d.obj
d:\yandexdisk\документы\stuff\c++ windeskapp\windesktopapp\x64\debug\zone.obj
d:\yandexdisk\документы\stuff\c++ windeskapp\windesktopapp\x64\debug\userinterface.obj
d:\yandexdisk\документы\stuff\c++ windeskapp\windesktopapp\x64\debug\text.obj
d:\yandexdisk\документы\stuff\c++ windeskapp\windesktopapp\x64\debug\terrain.obj
d:\yandexdisk\документы\stuff\c++ windeskapp\windesktopapp\x64\debug\fontshader.obj
d:\yandexdisk\документы\stuff\c++ windeskapp\windesktopapp\x64\debug\colorshader.obj
d:\yandexdisk\документы\stuff\c++ windeskapp\windesktopapp\x64\debug\camera.obj
d:\yandexdisk\документы\stuff\c++ windeskapp\windesktopapp\x64\debug\bmp_image.obj
d:\yandexdisk\документы\stuff\c++ windeskapp\windesktopapp\x64\debug\time.obj
d:\yandexdisk\документы\stuff\c++ windeskapp\windesktopapp\x64\debug\textureshader.obj
d:\yandexdisk\документы\stuff\c++ windeskapp\windesktopapp\x64\debug\texture.obj
d:\yandexdisk\документы\stuff\c++ windeskapp\windesktopapp\x64\debug\system.obj
d:\yandexdisk\документы\stuff\c++ windeskapp\windesktopapp\x64\debug\stdafx.obj
d:\yandexdisk\документы\stuff\c++ windeskapp\windesktopapp\x64\debug\windesktopapp.res
d:\yandexdisk\документы\stuff\c++ windeskapp\x64\debug\windesktopapp.pdb
d:\yandexdisk\документы\stuff\c++ windeskapp\windesktopapp\x64\debug\windesktopapp.tlog\cl.command.1.tlog
d:\yandexdisk\документы\stuff\c++ windeskapp\windesktopapp\x64\debug\windesktopapp.tlog\cl.read.1.tlog
d:\yandexdisk\документы\stuff\c++ windeskapp\windesktopapp\x64\debug\windesktopapp.tlog\cl.write.1.tlog
d:\yandexdisk\документы\stuff\c++ windeskapp\windesktopapp\x64\debug\windesktopapp.tlog\link-cvtres.read.1.tlog
d:\yandexdisk\документы\stuff\c++ windeskapp\windesktopapp\x64\debug\windesktopapp.tlog\link-cvtres.write.1.tlog
d:\yandexdisk\документы\stuff\c++ windeskapp\windesktopapp\x64\debug\windesktopapp.tlog\link-rc.read.1.tlog
d:\yandexdisk\документы\stuff\c++ windeskapp\windesktopapp\x64\debug\windesktopapp.tlog\link-rc.write.1.tlog
d:\yandexdisk\документы\stuff\c++ windeskapp\windesktopapp\x64\debug\windesktopapp.tlog\link.14044-cvtres.read.1.tlog
d:\yandexdisk\документы\stuff\c++ windeskapp\windesktopapp\x64\debug\windesktopapp.tlog\link.14044-cvtres.write.1.tlog
d:\yandexdisk\документы\stuff\c++ windeskapp\windesktopapp\x64\debug\windesktopapp.tlog\link.14044-rc.read.1.tlog
d:\yandexdisk\документы\stuff\c++ windeskapp\windesktopapp\x64\debug\windesktopapp.tlog\link.14044-rc.write.1.tlog
d:\yandexdisk\документы\stuff\c++ windeskapp\windesktopapp\x64\debug\windesktopapp.tlog\link.14044.read.1.tlog
d:\yandexdisk\документы\stuff\c++ windeskapp\windesktopapp\x64\debug\windesktopapp.tlog\link.14044.write.1.tlog
d:\yandexdisk\документы\stuff\c++ windeskapp\windesktopapp\x64\debug\windesktopapp.tlog\link.command.1.tlog
d:\yandexdisk\документы\stuff\c++ windeskapp\windesktopapp\x64\debug\windesktopapp.tlog\link.read.1.tlog
d:\yandexdisk\документы\stuff\c++ windeskapp\windesktopapp\x64\debug\windesktopapp.tlog\link.write.1.tlog
d:\yandexdisk\документы\stuff\c++ windeskapp\windesktopapp\x64\debug\windesktopapp.tlog\rc.command.1.tlog
d:\yandexdisk\документы\stuff\c++ windeskapp\windesktopapp\x64\debug\windesktopapp.tlog\rc.read.1.tlog
d:\yandexdisk\документы\stuff\c++ windeskapp\windesktopapp\x64\debug\windesktopapp.tlog\rc.write.1.tlog
